<?xml version="1.0" encoding="UTF-8"?>
<!-- Generated by org.testng.reporters.JUnitReportReporter -->
<testsuite skipped="0" hostname="DESKTOP-9QJ3JL7" name="ApiRestAssuredProject.ApiRestAssuredProject.TC006_GET_ExtractValuesOfEachNodeInJson" tests="1" failures="0" timestamp="06 Jun 2020 13:27:40 GMT" time="4.432" errors="0">
  <testcase name="getWeatherDetails" time="4.432" classname="ApiRestAssuredProject.ApiRestAssuredProject.TC006_GET_ExtractValuesOfEachNodeInJson"/>
</testsuite> <!-- ApiRestAssuredProject.ApiRestAssuredProject.TC006_GET_ExtractValuesOfEachNodeInJson -->
