<?xml version="1.0" encoding="UTF-8"?>
<!-- Generated by org.testng.reporters.JUnitReportReporter -->
<testsuite skipped="1" hostname="DESKTOP-9QJ3JL7" name="datadriventesting.DataDrivenTest_AddNewEmployee" tests="1" failures="0" timestamp="06 Jun 2020 18:03:53 GMT" time="0.000" errors="0">
  <testcase name="postNewEmployees" time="0.000" classname="datadriventesting.DataDrivenTest_AddNewEmployee">
    <skipped/>
  </testcase> <!-- postNewEmployees -->
</testsuite> <!-- datadriventesting.DataDrivenTest_AddNewEmployee -->
