<?xml version="1.0" encoding="UTF-8"?>
<!-- Generated by org.testng.reporters.JUnitReportReporter -->
<testsuite skipped="0" hostname="DESKTOP-9QJ3JL7" name="ApiRestAssuredProject.ApiRestAssuredProject.TC003_Get_Request" tests="1" failures="0" timestamp="06 Jun 2020 12:01:52 GMT" time="2.441" errors="0">
  <testcase name="googleMapTest" time="2.441" classname="ApiRestAssuredProject.ApiRestAssuredProject.TC003_Get_Request"/>
</testsuite> <!-- ApiRestAssuredProject.ApiRestAssuredProject.TC003_Get_Request -->
