<?xml version="1.0" encoding="UTF-8"?>
<!-- Generated by org.testng.reporters.JUnitReportReporter -->
<testsuite skipped="0" hostname="DESKTOP-9QJ3JL7" name="ApiRestAssuredProject.ApiRestAssuredProject.TC002_Post_Request" tests="1" failures="0" timestamp="06 Jun 2020 11:05:23 GMT" time="3.202" errors="0">
  <testcase name="RegistrationSuccessful" time="3.202" classname="ApiRestAssuredProject.ApiRestAssuredProject.TC002_Post_Request"/>
</testsuite> <!-- ApiRestAssuredProject.ApiRestAssuredProject.TC002_Post_Request -->
