<?xml version="1.0" encoding="UTF-8"?>
<!-- Generated by org.testng.reporters.JUnitReportReporter -->
<testsuite skipped="0" hostname="DESKTOP-9QJ3JL7" name="ApiRestAssuredProject.ApiRestAssuredProject.Get_Request_Print_All_Headers" tests="1" failures="0" timestamp="06 Jun 2020 12:03:02 GMT" time="3.500" errors="0">
  <testcase name="GetWeatherDetails" time="3.500" classname="ApiRestAssuredProject.ApiRestAssuredProject.Get_Request_Print_All_Headers"/>
</testsuite> <!-- ApiRestAssuredProject.ApiRestAssuredProject.Get_Request_Print_All_Headers -->
