<?xml version="1.0" encoding="UTF-8"?>
<!-- Generated by org.testng.reporters.JUnitReportReporter -->
<testsuite skipped="0" hostname="DESKTOP-9QJ3JL7" name="ApiRestAssuredProject.ApiRestAssuredProject.TC007_GET_Request_Authorization" tests="1" failures="0" timestamp="06 Jun 2020 13:44:00 GMT" time="3.942" errors="0">
  <testcase name="Authorization" time="3.942" classname="ApiRestAssuredProject.ApiRestAssuredProject.TC007_GET_Request_Authorization"/>
</testsuite> <!-- ApiRestAssuredProject.ApiRestAssuredProject.TC007_GET_Request_Authorization -->
